<?xml version="1.0" encoding="utf-8"?><testsuites name="pytest tests"><testsuite name="pytest" errors="0" failures="0" skipped="0" tests="207" time="2.610" timestamp="2026-09-12T10:48:17.159333+05:30" hostname="cylon"><testcase classname="tests.integrations.test_nginx.TestNginxConfig" name="test_defaults" time="0.063" /><testcase classname="tests.integrations.test_nginx.TestNginxConfig" name="test_host_stripped" time="0.001" /><testcase classname="tests.integrations.test_nginx.TestNginxConfig" name="test_username_stripped" time="0.001" /><testcase classname="tests.integrations.test_nginx.TestNginxConfig" name="test_password_never_stripped" time="0.001" /><testcase classname="tests.integrations.test_nginx.TestNginxConfig" name="test_api_path_normalized" time="0.001" /><testcase classname="tests.integrations.test_nginx.TestNginxConfig" name="test_stub_status_path_normalized" time="0.001" /><testcase classname="tests.integrations.test_nginx.TestNginxConfig" name="test_log_paths_default_when_blank" time="0.001" /><testcase classname="tests.integrations.test_nginx.TestNginxConfig" name="test_is_configured_requires_host" time="0.001" /><testcase classname="tests.integrations.test_nginx.TestNginxConfig" name="test_base_url_http_by_default" time="0.001" /><testcase classname="tests.integrations.test_nginx.TestNginxConfig" name="test_base_url_https_when_ssl" time="0.001" /><testcase classname="tests.integrations.test_nginx.TestNginxConfig" name="test_auth_none_without_username" time="0.001" /><testcase classname="tests.integrations.test_nginx.TestNginxConfig" name="test_auth_tuple_with_username" time="0.001" /><testcase classname="tests.integrations.test_nginx.TestNginxConfig" name="test_port_zero_rejected" time="0.001" /><testcase classname="tests.integrations.test_nginx.TestNginxConfig" name="test_port_too_large_rejected" time="0.001" /><testcase classname="tests.integrations.test_nginx.TestNginxConfig" name="test_port_non_numeric_falls_back" time="0.001" /><testcase classname="tests.integrations.test_nginx.TestNginxConfig" name="test_rejects_unknown_field" time="0.001" /><testcase classname="tests.integrations.test_nginx.TestBuildNginxConfig" name="test_from_dict" time="0.001" /><testcase classname="tests.integrations.test_nginx.TestBuildNginxConfig" name="test_from_none_yields_defaults" time="0.001" /><testcase classname="tests.integrations.test_nginx.TestNginxConfigFromEnv" name="test_returns_none_without_host" time="0.001" /><testcase classname="tests.integrations.test_nginx.TestNginxConfigFromEnv" name="test_loads_every_var" time="0.001" /><testcase classname="tests.integrations.test_nginx.TestNginxConfigFromEnv" name="test_password_resolved_through_credential_store" time="0.001" /><testcase classname="tests.integrations.test_nginx.TestNginxConfigFromEnv" name="test_ssl_truthy_forms" time="0.001" /><testcase classname="tests.integrations.test_nginx.TestNginxConfigFromEnv" name="test_verify_ssl_falsy_forms" time="0.001" /><testcase classname="tests.integrations.test_nginx.TestNginxExtractParams" name="test_full_dict_with_defaults" time="0.001" /><testcase classname="tests.integrations.test_nginx.TestNginxExtractParams" name="test_is_available" time="0.001" /><testcase classname="tests.integrations.test_nginx.TestClassify" name="test_store_record_resolves" time="0.001" /><testcase classname="tests.integrations.test_nginx.TestClassify" name="test_empty_host_skipped" time="0.001" /><testcase classname="tests.integrations.test_nginx.TestStubStatusParser" name="test_fixture_parses_to_exact_numbers" time="0.001" /><testcase classname="tests.integrations.test_nginx.TestStubStatusParser" name="test_dropped_counts_accepts_minus_handled" time="0.001" /><testcase classname="tests.integrations.test_nginx.TestStubStatusParser" name="test_html_body_returns_none" time="0.001" /><testcase classname="tests.integrations.test_nginx.TestStubStatusParser" name="test_truncated_body_returns_none" time="0.001" /><testcase classname="tests.integrations.test_nginx.TestStubStatusParser" name="test_crlf_line_ends_parse" time="0.001" /><testcase classname="tests.integrations.test_nginx.TestClient" name="test_fetch_text_ok" time="0.002" /><testcase classname="tests.integrations.test_nginx.TestClient" name="test_fetch_text_unauthorized" time="0.001" /><testcase classname="tests.integrations.test_nginx.TestClient" name="test_fetch_text_forbidden" time="0.001" /><testcase classname="tests.integrations.test_nginx.TestClient" name="test_fetch_json_not_found" time="0.001" /><testcase classname="tests.integrations.test_nginx.TestClient" name="test_fetch_json_server_error" time="0.001" /><testcase classname="tests.integrations.test_nginx.TestClient" name="test_fetch_transport_error" time="0.001" /><testcase classname="tests.integrations.test_nginx.TestClient" name="test_fetch_json_non_json_body" time="0.001" /><testcase classname="tests.integrations.test_nginx.TestClient" name="test_version_from_server_header" time="0.001" /><testcase classname="tests.integrations.test_nginx.TestPlusApi" name="test_plus_path" time="0.001" /><testcase classname="tests.integrations.test_nginx.TestPlusApi" name="test_detect_api_version_returns_max" time="0.002" /><testcase classname="tests.integrations.test_nginx.TestPlusApi" name="test_detect_api_version_rejects_non_list" time="0.001" /><testcase classname="tests.integrations.test_nginx.TestPlusApi" name="test_detect_api_version_not_found" time="0.001" /><testcase classname="tests.integrations.test_nginx.TestPlusApi" name="test_shape_nginx_info" time="0.001" /><testcase classname="tests.integrations.test_nginx.TestPlusApi" name="test_shape_connections" time="0.001" /><testcase classname="tests.integrations.test_nginx.TestPlusApi" name="test_shape_requests" time="0.001" /><testcase classname="tests.integrations.test_nginx.TestPlusApi" name="test_shape_server_zones" time="0.001" /><testcase classname="tests.integrations.test_nginx.TestPlusApi" name="test_shape_server_zones_error_rate_and_filter" time="0.001" /><testcase classname="tests.integrations.test_nginx.TestPlusApi" name="test_shape_upstreams" time="0.001" /><testcase classname="tests.integrations.test_nginx.TestPlusApi" name="test_shape_upstreams_filter" time="0.001" /><testcase classname="tests.integrations.test_nginx.TestPlusApi" name="test_shape_caches" time="0.001" /><testcase classname="tests.integrations.test_nginx.TestValidate" name="test_no_host_fails" time="0.001" /><testcase classname="tests.integrations.test_nginx.TestValidate" name="test_stub_only_reports_open_source" time="0.002" /><testcase classname="tests.integrations.test_nginx.TestValidate" name="test_plus_only_reports_plus" time="0.002" /><testcase classname="tests.integrations.test_nginx.TestValidate" name="test_both_reports_plus_with_stub" time="0.002" /><testcase classname="tests.integrations.test_nginx.TestValidate" name="test_plus_probe_error_falls_back_to_stub_only" time="0.002" /><testcase classname="tests.integrations.test_nginx.TestValidate" name="test_neither_fails_with_both_paths" time="0.002" /><testcase classname="tests.integrations.test_nginx.TestValidate" name="test_auth_failure_fails" time="0.001" /><testcase classname="tests.integrations.test_nginx.TestValidate" name="test_connection_refused_fails" time="0.001" /><testcase classname="tests.integrations.test_nginx.TestGetServerStatus" name="test_oss_status" time="0.002" /><testcase classname="tests.integrations.test_nginx.TestGetServerStatus" name="test_oss_upgraded_to_plus_when_api_answers" time="0.002" /><testcase classname="tests.integrations.test_nginx.TestGetServerStatus" name="test_unconfigured" time="0.001" /><testcase classname="tests.integrations.test_nginx.TestGetServerStatus" name="test_neither_endpoint_names_both_paths" time="0.002" /><testcase classname="tests.integrations.nginx.test_logs.TestTailLines" name="test_returns_last_n_in_order" time="0.002" /><testcase classname="tests.integrations.nginx.test_logs.TestTailLines" name="test_small_file_returns_all" time="0.001" /><testcase classname="tests.integrations.nginx.test_logs.TestTailLines" name="test_empty_file_returns_empty" time="0.001" /><testcase classname="tests.integrations.nginx.test_logs.TestTailLines" name="test_missing_trailing_newline_keeps_partial_line" time="0.001" /><testcase classname="tests.integrations.nginx.test_logs.TestTailLines" name="test_huge_file_bounded_by_bytes_and_max_lines" time="0.622" /><testcase classname="tests.integrations.nginx.test_logs.TestTailLines" name="test_multi_chunk_loop" time="0.001" /><testcase classname="tests.integrations.nginx.test_logs.TestOpenLog" name="test_missing" time="0.001" /><testcase classname="tests.integrations.nginx.test_logs.TestOpenLog" name="test_directory" time="0.001" /><testcase classname="tests.integrations.nginx.test_logs.TestOpenLog" name="test_unreadable" time="0.001" /><testcase classname="tests.integrations.nginx.test_logs.TestClampLines" name="test_none_and_non_positive_yield_default" time="0.001" /><testcase classname="tests.integrations.nginx.test_logs.TestClampLines" name="test_over_max_clamped" time="0.001" /><testcase classname="tests.integrations.nginx.test_logs.TestClampLines" name="test_in_range_passes_through" time="0.001" /><testcase classname="tests.integrations.nginx.test_logs.TestParseErrorLogLine" name="test_error_line_every_field" time="0.008" /><testcase classname="tests.integrations.nginx.test_logs.TestParseErrorLogLine" name="test_notice_line_without_connection" time="0.001" /><testcase classname="tests.integrations.nginx.test_logs.TestParseErrorLogLine" name="test_garbage_returns_none" time="0.001" /><testcase classname="tests.integrations.nginx.test_logs.TestSummarizeErrorLog" name="test_default_warn_level" time="0.002" /><testcase classname="tests.integrations.nginx.test_logs.TestSummarizeErrorLog" name="test_notice_level_matches_all" time="0.001" /><testcase classname="tests.integrations.nginx.test_logs.TestSummarizeErrorLog" name="test_contains_filters_case_insensitively" time="0.001" /><testcase classname="tests.integrations.nginx.test_logs.TestSummarizeErrorLog" name="test_unknown_level_falls_back_to_warn" time="0.001" /><testcase classname="tests.integrations.nginx.test_logs.TestSummarizeErrorLog" name="test_garbage_counted_not_raised" time="0.001" /><testcase classname="tests.integrations.nginx.test_logs.TestParseAccessLogLine" name="test_timed_line" time="0.001" /><testcase classname="tests.integrations.nginx.test_logs.TestParseAccessLogLine" name="test_combined_line_has_no_request_time" time="0.001" /><testcase classname="tests.integrations.nginx.test_logs.TestParseAccessLogLine" name="test_malformed_request" time="0.001" /><testcase classname="tests.integrations.nginx.test_logs.TestParseAccessLogLine" name="test_query_string_removed" time="0.001" /><testcase classname="tests.integrations.nginx.test_logs.TestParseAccessLogLine" name="test_garbage_returns_none" time="0.001" /><testcase classname="tests.integrations.nginx.test_logs.TestSummarizeAccessLog" name="test_timed_fixture" time="0.001" /><testcase classname="tests.integrations.nginx.test_logs.TestSummarizeAccessLog" name="test_combined_fixture_has_no_request_time" time="0.001" /><testcase classname="tests.tools.test_nginx_access_log_summary_tool.TestNginxAccessLogSummaryToolContract" name="test_metadata_has_valid_name" time="0.001" /><testcase classname="tests.tools.test_nginx_access_log_summary_tool.TestNginxAccessLogSummaryToolContract" name="test_metadata_has_valid_description" time="0.001" /><testcase classname="tests.tools.test_nginx_access_log_summary_tool.TestNginxAccessLogSummaryToolContract" name="test_metadata_has_input_schema" time="0.001" /><testcase classname="tests.tools.test_nginx_access_log_summary_tool.TestNginxAccessLogSummaryToolContract" name="test_metadata_has_valid_source" time="0.001" /><testcase classname="tests.tools.test_nginx_access_log_summary_tool.TestNginxAccessLogSummaryToolContract" name="test_is_available_returns_bool" time="0.001" /><testcase classname="tests.tools.test_nginx_access_log_summary_tool.TestNginxAccessLogSummaryToolContract" name="test_extract_params_returns_dict" time="0.001" /><testcase classname="tests.tools.test_nginx_access_log_summary_tool" name="test_metadata" time="0.001" /><testcase classname="tests.tools.test_nginx_access_log_summary_tool" name="test_run_happy_path" time="0.001" /><testcase classname="tests.tools.test_nginx_access_log_summary_tool" name="test_full_path_tmp_file" time="0.001" /><testcase classname="tests.tools.test_nginx_access_log_summary_tool" name="test_missing_file_unavailable" time="0.001" /><testcase classname="tests.tools.test_nginx_access_log_summary_tool" name="test_lines_clamped" time="0.001" /><testcase classname="tests.tools.test_nginx_cache_status_tool.TestNginxCacheStatusToolContract" name="test_metadata_has_valid_name" time="0.001" /><testcase classname="tests.tools.test_nginx_cache_status_tool.TestNginxCacheStatusToolContract" name="test_metadata_has_valid_description" time="0.001" /><testcase classname="tests.tools.test_nginx_cache_status_tool.TestNginxCacheStatusToolContract" name="test_metadata_has_input_schema" time="0.001" /><testcase classname="tests.tools.test_nginx_cache_status_tool.TestNginxCacheStatusToolContract" name="test_metadata_has_valid_source" time="0.001" /><testcase classname="tests.tools.test_nginx_cache_status_tool.TestNginxCacheStatusToolContract" name="test_is_available_returns_bool" time="0.001" /><testcase classname="tests.tools.test_nginx_cache_status_tool.TestNginxCacheStatusToolContract" name="test_extract_params_returns_dict" time="0.001" /><testcase classname="tests.tools.test_nginx_cache_status_tool" name="test_metadata" time="0.001" /><testcase classname="tests.tools.test_nginx_cache_status_tool" name="test_run_happy_path" time="0.001" /><testcase classname="tests.tools.test_nginx_cache_status_tool" name="test_full_path_plus" time="0.002" /><testcase classname="tests.tools.test_nginx_cache_status_tool" name="test_open_source_unavailable" time="0.001" /><testcase classname="tests.tools.test_nginx_error_log_tool.TestNginxErrorLogToolContract" name="test_metadata_has_valid_name" time="0.001" /><testcase classname="tests.tools.test_nginx_error_log_tool.TestNginxErrorLogToolContract" name="test_metadata_has_valid_description" time="0.001" /><testcase classname="tests.tools.test_nginx_error_log_tool.TestNginxErrorLogToolContract" name="test_metadata_has_input_schema" time="0.001" /><testcase classname="tests.tools.test_nginx_error_log_tool.TestNginxErrorLogToolContract" name="test_metadata_has_valid_source" time="0.001" /><testcase classname="tests.tools.test_nginx_error_log_tool.TestNginxErrorLogToolContract" name="test_is_available_returns_bool" time="0.001" /><testcase classname="tests.tools.test_nginx_error_log_tool.TestNginxErrorLogToolContract" name="test_extract_params_returns_dict" time="0.001" /><testcase classname="tests.tools.test_nginx_error_log_tool" name="test_metadata" time="0.001" /><testcase classname="tests.tools.test_nginx_error_log_tool" name="test_run_happy_path" time="0.001" /><testcase classname="tests.tools.test_nginx_error_log_tool" name="test_full_path_tmp_file" time="0.001" /><testcase classname="tests.tools.test_nginx_error_log_tool" name="test_missing_file_unavailable" time="0.001" /><testcase classname="tests.tools.test_nginx_error_log_tool" name="test_lines_clamped" time="0.001" /><testcase classname="tests.tools.test_nginx_server_status_tool.TestNginxServerStatusToolContract" name="test_metadata_has_valid_name" time="0.001" /><testcase classname="tests.tools.test_nginx_server_status_tool.TestNginxServerStatusToolContract" name="test_metadata_has_valid_description" time="0.001" /><testcase classname="tests.tools.test_nginx_server_status_tool.TestNginxServerStatusToolContract" name="test_metadata_has_input_schema" time="0.001" /><testcase classname="tests.tools.test_nginx_server_status_tool.TestNginxServerStatusToolContract" name="test_metadata_has_valid_source" time="0.001" /><testcase classname="tests.tools.test_nginx_server_status_tool.TestNginxServerStatusToolContract" name="test_is_available_returns_bool" time="0.001" /><testcase classname="tests.tools.test_nginx_server_status_tool.TestNginxServerStatusToolContract" name="test_extract_params_returns_dict" time="0.001" /><testcase classname="tests.tools.test_nginx_server_status_tool" name="test_metadata" time="0.001" /><testcase classname="tests.tools.test_nginx_server_status_tool" name="test_run_happy_path" time="0.001" /><testcase classname="tests.tools.test_nginx_server_status_tool" name="test_full_path_oss" time="0.001" /><testcase classname="tests.tools.test_nginx_server_status_tool" name="test_neither_endpoint_unavailable" time="0.001" /><testcase classname="tests.tools.test_nginx_server_zones_tool.TestNginxServerZonesToolContract" name="test_metadata_has_valid_name" time="0.001" /><testcase classname="tests.tools.test_nginx_server_zones_tool.TestNginxServerZonesToolContract" name="test_metadata_has_valid_description" time="0.001" /><testcase classname="tests.tools.test_nginx_server_zones_tool.TestNginxServerZonesToolContract" name="test_metadata_has_input_schema" time="0.001" /><testcase classname="tests.tools.test_nginx_server_zones_tool.TestNginxServerZonesToolContract" name="test_metadata_has_valid_source" time="0.001" /><testcase classname="tests.tools.test_nginx_server_zones_tool.TestNginxServerZonesToolContract" name="test_is_available_returns_bool" time="0.001" /><testcase classname="tests.tools.test_nginx_server_zones_tool.TestNginxServerZonesToolContract" name="test_extract_params_returns_dict" time="0.001" /><testcase classname="tests.tools.test_nginx_server_zones_tool" name="test_metadata" time="0.001" /><testcase classname="tests.tools.test_nginx_server_zones_tool" name="test_run_happy_path" time="0.001" /><testcase classname="tests.tools.test_nginx_server_zones_tool" name="test_full_path_plus" time="0.002" /><testcase classname="tests.tools.test_nginx_server_zones_tool" name="test_open_source_unavailable" time="0.001" /><testcase classname="tests.tools.test_nginx_tools_port_injection" name="test_connection_params_not_exposed_to_llm[get_nginx_server_status]" time="0.001" /><testcase classname="tests.tools.test_nginx_tools_port_injection" name="test_connection_params_not_exposed_to_llm[get_nginx_upstream_health]" time="0.001" /><testcase classname="tests.tools.test_nginx_tools_port_injection" name="test_connection_params_not_exposed_to_llm[get_nginx_server_zones]" time="0.001" /><testcase classname="tests.tools.test_nginx_tools_port_injection" name="test_connection_params_not_exposed_to_llm[get_nginx_cache_status]" time="0.001" /><testcase classname="tests.tools.test_nginx_tools_port_injection" name="test_connection_params_not_exposed_to_llm[get_nginx_error_log]" time="0.001" /><testcase classname="tests.tools.test_nginx_tools_port_injection" name="test_connection_params_not_exposed_to_llm[get_nginx_access_log_summary]" time="0.001" /><testcase classname="tests.tools.test_nginx_tools_port_injection" name="test_llm_visible_params_match_contract[get_nginx_server_status]" time="0.001" /><testcase classname="tests.tools.test_nginx_tools_port_injection" name="test_llm_visible_params_match_contract[get_nginx_upstream_health]" time="0.001" /><testcase classname="tests.tools.test_nginx_tools_port_injection" name="test_llm_visible_params_match_contract[get_nginx_server_zones]" time="0.001" /><testcase classname="tests.tools.test_nginx_tools_port_injection" name="test_llm_visible_params_match_contract[get_nginx_cache_status]" time="0.001" /><testcase classname="tests.tools.test_nginx_tools_port_injection" name="test_llm_visible_params_match_contract[get_nginx_error_log]" time="0.001" /><testcase classname="tests.tools.test_nginx_tools_port_injection" name="test_llm_visible_params_match_contract[get_nginx_access_log_summary]" time="0.001" /><testcase classname="tests.tools.test_nginx_upstream_health_tool.TestNginxUpstreamHealthToolContract" name="test_metadata_has_valid_name" time="0.001" /><testcase classname="tests.tools.test_nginx_upstream_health_tool.TestNginxUpstreamHealthToolContract" name="test_metadata_has_valid_description" time="0.001" /><testcase classname="tests.tools.test_nginx_upstream_health_tool.TestNginxUpstreamHealthToolContract" name="test_metadata_has_input_schema" time="0.001" /><testcase classname="tests.tools.test_nginx_upstream_health_tool.TestNginxUpstreamHealthToolContract" name="test_metadata_has_valid_source" time="0.001" /><testcase classname="tests.tools.test_nginx_upstream_health_tool.TestNginxUpstreamHealthToolContract" name="test_is_available_returns_bool" time="0.001" /><testcase classname="tests.tools.test_nginx_upstream_health_tool.TestNginxUpstreamHealthToolContract" name="test_extract_params_returns_dict" time="0.001" /><testcase classname="tests.tools.test_nginx_upstream_health_tool" name="test_metadata" time="0.001" /><testcase classname="tests.tools.test_nginx_upstream_health_tool" name="test_run_happy_path" time="0.001" /><testcase classname="tests.tools.test_nginx_upstream_health_tool" name="test_full_path_plus" time="0.002" /><testcase classname="tests.tools.test_nginx_upstream_health_tool" name="test_open_source_unavailable" time="0.001" /><testcase classname="tests.e2e.nginx.test_nginx_e2e.TestNginxIntegrationResolution" name="test_nginx_resolution_from_store" time="0.001" /><testcase classname="tests.e2e.nginx.test_nginx_e2e.TestNginxIntegrationResolution" name="test_nginx_invalid_config_skipped" time="0.001" /><testcase classname="tests.e2e.nginx.test_nginx_e2e.TestNginxToolSourceAvailability" name="test_nginx_tool_source_available_from_resolved_integration" time="0.001" /><testcase classname="tests.e2e.nginx.test_nginx_e2e.TestNginxToolSourceAvailability" name="test_nginx_tool_source_unavailable_if_unconfigured" time="0.001" /><testcase classname="tests.e2e.nginx.test_nginx_e2e.TestNginxVerification" name="test_verify_nginx_success" time="0.001" /><testcase classname="tests.e2e.nginx.test_nginx_e2e.TestNginxVerification" name="test_verify_integrations_structure" time="0.001" /><testcase classname="tests.e2e.nginx.test_nginx_e2e.TestNginxToolsAvailability" name="test_nginx_tools_exist_as_modules" time="0.009" /><testcase classname="tests.e2e.nginx.test_nginx_e2e.TestNginxToolsAvailability" name="test_nginx_tools_registered_on_chat_surface" time="0.339" /><testcase classname="tests.e2e.nginx.test_nginx_e2e.TestNginxToolPaths" name="test_server_status_tool_path" time="0.002" /><testcase classname="tests.e2e.nginx.test_nginx_e2e.TestNginxToolPaths" name="test_upstream_health_tool_path" time="0.002" /><testcase classname="tests.e2e.nginx.test_nginx_e2e.TestNginxToolPaths" name="test_server_zones_tool_path" time="0.002" /><testcase classname="tests.e2e.nginx.test_nginx_e2e.TestNginxToolPaths" name="test_cache_status_tool_path" time="0.002" /><testcase classname="tests.e2e.nginx.test_nginx_e2e.TestNginxToolPaths" name="test_error_log_tool_path" time="0.001" /><testcase classname="tests.e2e.nginx.test_nginx_e2e.TestNginxToolPaths" name="test_access_log_tool_path" time="0.001" /><testcase classname="tests.tools.test_telemetry" name="test_tool_reports_exactly_one_sentry_event[azure_monitor_logs]" time="0.075" /><testcase classname="tests.tools.test_telemetry" name="test_tool_reports_exactly_one_sentry_event[openobserve_logs]" time="0.002" /><testcase classname="tests.tools.test_telemetry" name="test_tool_reports_exactly_one_sentry_event[snowflake_query_history]" time="0.002" /><testcase classname="tests.tools.test_telemetry" name="test_tool_reports_exactly_one_sentry_event[cloudwatch_logs]" time="0.002" /><testcase classname="tests.tools.test_telemetry" name="test_tool_reports_exactly_one_sentry_event[cloudwatch_batch_metrics]" time="0.002" /><testcase classname="tests.tools.test_telemetry" name="test_tool_reports_exactly_one_sentry_event[google_docs_create_report]" time="0.002" /><testcase classname="tests.tools.test_telemetry" name="test_tool_reports_exactly_one_sentry_event[github_repository]" time="0.002" /><testcase classname="tests.tools.test_telemetry" name="test_tool_reports_exactly_one_sentry_event[github_star_history]" time="0.002" /><testcase classname="tests.tools.test_telemetry" name="test_tool_reports_exactly_one_sentry_event[eks_list_clusters]" time="0.002" /><testcase classname="tests.tools.test_telemetry" name="test_tool_reports_exactly_one_sentry_event[eks_describe_cluster]" time="0.002" /><testcase classname="tests.tools.test_telemetry" name="test_tool_reports_exactly_one_sentry_event[eks_nodegroup_health]" time="0.002" /><testcase classname="tests.tools.test_telemetry" name="test_tool_reports_exactly_one_sentry_event[eks_describe_addon]" time="0.002" /><testcase classname="tests.tools.test_telemetry" name="test_tool_reports_exactly_one_sentry_event[eks_events]" time="0.003" /><testcase classname="tests.tools.test_telemetry" name="test_tool_reports_exactly_one_sentry_event[eks_node_health]" time="0.002" /><testcase classname="tests.tools.test_telemetry" name="test_tool_reports_exactly_one_sentry_event[eks_list_namespaces]" time="0.002" /><testcase classname="tests.tools.test_telemetry" name="test_tool_reports_exactly_one_sentry_event[eks_list_deployments]" time="0.002" /><testcase classname="tests.tools.test_telemetry" name="test_tool_reports_exactly_one_sentry_event[eks_list_pods]" time="0.002" /><testcase classname="tests.tools.test_telemetry" name="test_tool_reports_exactly_one_sentry_event[eks_pod_logs]" time="0.002" /><testcase classname="tests.tools.test_telemetry" name="test_tool_reports_exactly_one_sentry_event[posthog_mcp_list_tools]" time="0.002" /><testcase classname="tests.tools.test_telemetry" name="test_tool_reports_exactly_one_sentry_event[posthog_mcp_call_tool]" time="0.002" /><testcase classname="tests.tools.test_telemetry" name="test_tool_reports_exactly_one_sentry_event[sentry_mcp_list_tools]" time="0.002" /><testcase classname="tests.tools.test_telemetry" name="test_tool_reports_exactly_one_sentry_event[sentry_mcp_call_tool]" time="0.002" /><testcase classname="tests.tools.test_telemetry" name="test_tool_reports_exactly_one_sentry_event[x_mcp_list_tools]" time="0.002" /><testcase classname="tests.tools.test_telemetry" name="test_tool_reports_exactly_one_sentry_event[x_mcp_call_tool]" time="0.004" /><testcase classname="tests.tools.test_telemetry" name="test_eks_client_error_path_uses_warning_severity" time="0.002" /><testcase classname="tests.tools.test_telemetry" name="test_eks_nodegroup_health_tags_failing_nodegroup_during_iteration" time="0.002" /><testcase classname="tests.tools.test_telemetry" name="test_every_registered_tool_is_migrated_or_allowlisted" time="0.001" /><testcase classname="tests.tools.test_telemetry" name="test_every_migrated_tool_has_a_parameterised_failure_case" time="0.002" /></testsuite></testsuites>